animations-2.0.7/example/build/app/intermediates/manifest_merge_blame_file/debug/manifest-merger-blame-debug-report.txt
1<?xml version="1.0" encoding="utf-8"?>
2<manifest xmlns:android="http://schemas.android.com/apk/res/android"
3    package="dev.flutter.packages.animations.example"
4    android:versionCode="1"
5    android:versionName="0.0.1" >
6
7    <uses-sdk
8        android:minSdkVersion="16"
9        android:targetSdkVersion="28" />
10    <!--
11         Flutter needs it to communicate with the running application
12         to allow setting breakpoints, to provide hot reload, etc.
13    -->
14    <uses-permission android:name="android.permission.INTERNET" />
14-->src/debug/AndroidManifest.xml:6:5-66
14-->src/debug/AndroidManifest.xml:6:22-64
15
16    <application
16-->src/main/AndroidManifest.xml:3:5-23:19
17        android:appComponentFactory="androidx.core.app.CoreComponentFactory"
17-->[androidx.core:core:1.6.0] AndroidManifest.xml:24:18-86
18        android:debuggable="true"
19        android:icon="@mipmap/ic_launcher"
19-->src/main/AndroidManifest.xml:5:9-43
20        android:label="example" >
20-->src/main/AndroidManifest.xml:4:9-32
21        <activity
21-->src/main/AndroidManifest.xml:6:9-17:20
22            android:name="dev.flutter.packages.animations.example.MainActivity"
22-->src/main/AndroidManifest.xml:7:13-41
23            android:configChanges="orientation|keyboardHidden|keyboard|screenSize|smallestScreenSize|locale|layoutDirection|fontScale|screenLayout|density|uiMode"
23-->src/main/AndroidManifest.xml:10:13-163
24            android:hardwareAccelerated="true"
24-->src/main/AndroidManifest.xml:11:13-47
25            android:launchMode="singleTop"
25-->src/main/AndroidManifest.xml:8:13-43
26            android:theme="@style/LaunchTheme"
26-->src/main/AndroidManifest.xml:9:13-47
27            android:windowSoftInputMode="adjustResize" >
27-->src/main/AndroidManifest.xml:12:13-55
28            <intent-filter>
28-->src/main/AndroidManifest.xml:13:13-16:29
29                <action android:name="android.intent.action.MAIN" />
29-->src/main/AndroidManifest.xml:14:17-68
29-->src/main/AndroidManifest.xml:14:25-66
30
31                <category android:name="android.intent.category.LAUNCHER" />
31-->src/main/AndroidManifest.xml:15:17-76
31-->src/main/AndroidManifest.xml:15:27-74
32            </intent-filter>
33        </activity>
34        <!--
35             Don't delete the meta-data below.
36             This is used by the Flutter tool to generate GeneratedPluginRegistrant.java
37        -->
38        <meta-data
38-->src/main/AndroidManifest.xml:20:9-22:33
39            android:name="flutterEmbedding"
39-->src/main/AndroidManifest.xml:21:13-44
40            android:value="2" />
40-->src/main/AndroidManifest.xml:22:13-30
41
42        <uses-library
42-->[androidx.window:window:1.0.0-beta04] AndroidManifest.xml:25:9-27:40
43            android:name="androidx.window.extensions"
43-->[androidx.window:window:1.0.0-beta04] AndroidManifest.xml:26:13-54
44            android:required="false" />
44-->[androidx.window:window:1.0.0-beta04] AndroidManifest.xml:27:13-37
45        <uses-library
45-->[androidx.window:window:1.0.0-beta04] AndroidManifest.xml:28:9-30:40
46            android:name="androidx.window.sidecar"
46-->[androidx.window:window:1.0.0-beta04] AndroidManifest.xml:29:13-51
47            android:required="false" />
47-->[androidx.window:window:1.0.0-beta04] AndroidManifest.xml:30:13-37
48    </application>
49
50</manifest>